#
# There is insufficient memory for the Java Runtime Environment to continue.
# Native memory allocation (malloc) failed to allocate 3477272 bytes. Error detail: Chunk::new
# Possible reasons:
#   The system is out of physical RAM or swap space
#   This process is running with CompressedOops enabled, and the Java Heap may be blocking the growth of the native heap
# Possible solutions:
#   Reduce memory load on the system
#   Increase physical memory or swap space
#   Check if swap backing store is full
#   Decrease Java heap size (-Xmx/-Xms)
#   Decrease number of Java threads
#   Decrease Java thread stack sizes (-Xss)
#   Set larger code cache with -XX:ReservedCodeCacheSize=
#   JVM is running with Zero Based Compressed Oops mode in which the Java heap is
#     placed in the first 32GB address space. The Java Heap base address is the
#     maximum limit for the native heap growth. Please use -XX:HeapBaseMinAddress
#     to set the Java Heap base and to place the Java Heap above 32GB virtual address.
# This output file may be truncated or incomplete.
#
#  Out of Memory Error (arena.cpp:193), pid=61944, tid=55796
#
# JRE version: OpenJDK Runtime Environment (26.0+35) (build 26+35-2893)
# Java VM: OpenJDK 64-Bit Server VM (26+35-2893, mixed mode, sharing, tiered, compressed oops, compressed class ptrs, g1 gc, windows-amd64)
# No core dump will be written. Minidumps are not enabled by default on client versions of Windows
#

---------------  S U M M A R Y ------------

Command Line: -javaagent:C:\Users\omark\AppData\Local\JetBrains\IntelliJIdea2026.1\captureAgent\debugger-agent.jar=file:///C:/Users/omark/AppData/Local/Temp/capture1554052557624514420.props -ea -Didea.test.cyclic.buffer.size=1048576 -javaagent:C:\Program Files\JetBrains\IntelliJ IDEA 2026.1\lib\idea_rt.jar=60586 -Dkotlinx.coroutines.debug.enable.creation.stack.trace=false -Ddebugger.agent.enable.coroutines=true -Dkotlinx.coroutines.debug.enable.flows.stack.trace=true -Dkotlinx.coroutines.debug.enable.mutable.state.flows.stack.trace=true -Ddebugger.async.stack.trace.for.all.threads=true -Dfile.encoding=UTF-8 -Dsun.stdout.encoding=UTF-8 -Dsun.stderr.encoding=UTF-8 com.intellij.rt.testng.RemoteTestNGStarter -usedefaultlisteners false -socket60585 @w@C:\Users\omark\AppData\Local\Temp\idea_working_dirs_testng.tmp -temp C:\Users\omark\AppData\Local\Temp\idea_testng.tmp

Host: AMD Ryzen 7 5700X3D 8-Core Processor           , 16 cores, 15G,  Windows 11 , 64 bit Build 26100 (10.0.26100.8246)
Time: Thu Apr 30 08:23:30 2026 Egypt Daylight Time elapsed time: 13.095832 seconds (0d 0h 0m 13s)

---------------  T H R E A D  ---------------

Current thread (0x000002035a36d9e0):  JavaThread "C2 CompilerThread0" daemon [_thread_in_native, id=55796, stack(0x000000fdb6f00000,0x000000fdb7000000) (1024K)]


Current CompileTask:
C2:13095 3795  s    4       java.io.BufferedInputStream::read (112 bytes)

Stack: [0x000000fdb6f00000,0x000000fdb7000000]
Native frames: (J=compiled Java code, j=interpreted, Vv=VM code, C=native code)
V  [jvm.dll+0x7d5719]  (no source info available)
V  [jvm.dll+0x7a367d]  (no source info available)
V  [jvm.dll+0x9b0aa0]  (no source info available)
V  [jvm.dll+0x9b2ef1]  (no source info available)
V  [jvm.dll+0x9b3603]  (no source info available)
V  [jvm.dll+0x30de86]  (no source info available)
V  [jvm.dll+0x11d7c6]  (no source info available)
V  [jvm.dll+0x11daee]  (no source info available)
V  [jvm.dll+0x1afb06]  (no source info available)
V  [jvm.dll+0x3ca732]  (no source info available)
V  [jvm.dll+0x7de302]  (no source info available)
V  [jvm.dll+0x2d1557]  (no source info available)
V  [jvm.dll+0x2d04cf]  (no source info available)
V  [jvm.dll+0x246740]  (no source info available)
V  [jvm.dll+0x2e05ec]  (no source info available)
V  [jvm.dll+0x2de7cd]  (no source info available)
V  [jvm.dll+0x4a3f01]  (no source info available)
V  [jvm.dll+0x94f4e9]  (no source info available)
V  [jvm.dll+0x7d71f8]  (no source info available)
C  [ucrtbase.dll+0x37b0]  (no source info available)
C  [KERNEL32.DLL+0x2e8d7]  (no source info available)
C  [ntdll.dll+0x8c3fc]  (no source info available)

Lock stack of current Java thread (top to bottom):


---------------  P R O C E S S  ---------------

Threads class SMR info:
_java_thread_list=0x00000203620c19a0, length=37, elements={
0x0000020339845e10, 0x000002035a3464e0, 0x000002035a346c90, 0x000002035a34ac60,
0x000002035a34f0e0, 0x000002035a352810, 0x000002035a355f40, 0x000002035a36d9e0,
0x000002035a372ab0, 0x000002035a7ad230, 0x000002035a959120, 0x000002035f0127c0,
0x000002035f11af80, 0x000002035f10d490, 0x000002035fc0d4d0, 0x000002035fc12ac0,
0x00000203604192a0, 0x0000020360418ad0, 0x000002036041f060, 0x0000020360f6e580,
0x0000020360f6d5e0, 0x00000203615d7e60, 0x00000203615d8630, 0x00000203615db510,
0x00000203615dcc80, 0x00000203615ddc20, 0x000002036167d2e0, 0x000002036167dab0,
0x000002036167b3a0, 0x0000020361681930, 0x00000203616828d0, 0x0000020361f45f60,
0x0000020361f447f0, 0x0000020361f46f00, 0x0000020361f44020, 0x0000020361f44fc0,
0x0000020361f47ea0
}

Java Threads: ( => current thread )
  0x0000020339845e10 JavaThread "Forwarding clickElement on session 55bbc8522d1a7d2f024a77cf22d9d1e9 to remote"        [_thread_blocked, id=61740, stack(0x000000fdb6000000,0x000000fdb6100000) (1024K)]
  0x000002035a3464e0 JavaThread "Reference Handler"          daemon [_thread_blocked, id=64996, stack(0x000000fdb6900000,0x000000fdb6a00000) (1024K)]
  0x000002035a346c90 JavaThread "Finalizer"                  daemon [_thread_blocked, id=57796, stack(0x000000fdb6a00000,0x000000fdb6b00000) (1024K)]
  0x000002035a34ac60 JavaThread "Signal Dispatcher"          daemon [_thread_blocked, id=66044, stack(0x000000fdb6b00000,0x000000fdb6c00000) (1024K)]
  0x000002035a34f0e0 JavaThread "Attach Listener"            daemon [_thread_blocked, id=57836, stack(0x000000fdb6c00000,0x000000fdb6d00000) (1024K)]
  0x000002035a352810 JavaThread "Service Thread"             daemon [_thread_blocked, id=61184, stack(0x000000fdb6d00000,0x000000fdb6e00000) (1024K)]
  0x000002035a355f40 JavaThread "Monitor Deflation Thread"   daemon [_thread_blocked, id=66828, stack(0x000000fdb6e00000,0x000000fdb6f00000) (1024K)]
=>0x000002035a36d9e0 JavaThread "C2 CompilerThread0"         daemon [_thread_in_native, id=55796, stack(0x000000fdb6f00000,0x000000fdb7000000) (1024K)]
  0x000002035a372ab0 JavaThread "C1 CompilerThread0"         daemon [_thread_blocked, id=69520, stack(0x000000fdb7000000,0x000000fdb7100000) (1024K)]
  0x000002035a7ad230 JavaThread "Common-Cleaner"             daemon [_thread_blocked, id=64564, stack(0x000000fdb7400000,0x000000fdb7500000) (1024K)]
  0x000002035a959120 JavaThread "IntelliJ Suspend Helper"    daemon [_thread_blocked, id=66576, stack(0x000000fdb7600000,0x000000fdb7700000) (1024K)]
  0x000002035f0127c0 JavaThread "CoarseTimer"                daemon [_thread_blocked, id=59268, stack(0x000000fdb7700000,0x000000fdb7800000) (1024K)]
  0x000002035f11af80 JavaThread "Monitor Ctrl-Break"         daemon [_thread_in_native, id=63152, stack(0x000000fdb7800000,0x000000fdb7900000) (1024K)]
  0x000002035f10d490 JavaThread "Notification Thread"        daemon [_thread_blocked, id=69228, stack(0x000000fdb7900000,0x000000fdb7a00000) (1024K)]
  0x000002035fc0d4d0 JavaThread "RMI TCP Accept-0"           daemon [_thread_in_native, id=53540, stack(0x000000fdb7e00000,0x000000fdb7f00000) (1024K)]
  0x000002035fc12ac0 JavaThread "RMI TCP Connection(1)-192.168.1.3" daemon [_thread_in_native, id=69364, stack(0x000000fdb8100000,0x000000fdb8200000) (1024K)]
  0x00000203604192a0 JavaThread "RMI Scheduler(0)"           daemon [_thread_blocked, id=58028, stack(0x000000fdb8200000,0x000000fdb8300000) (1024K)]
  0x0000020360418ad0 JavaThread "JMX server connection timeout 47" daemon [_thread_blocked, id=43860, stack(0x000000fdb8300000,0x000000fdb8400000) (1024K)]
  0x000002036041f060 JavaThread "ForkJoinPool.commonPool-worker-1" daemon [_thread_blocked, id=68380, stack(0x000000fdb8600000,0x000000fdb8700000) (1024K)]
  0x0000020360f6e580 JavaThread "VirtualThread-unblocker"    daemon [_thread_blocked, id=60980, stack(0x000000fdb8d00000,0x000000fdb8e00000) (1024K)]
  0x0000020360f6d5e0 JavaThread "ForkJoinPool-1-worker-1"    daemon [_thread_in_native, id=48736, stack(0x000000fdb8e00000,0x000000fdb8f00000) (1024K)]
  0x00000203615d7e60 JavaThread "ForkJoinPool-1-worker-2"    daemon [_thread_in_native, id=67968, stack(0x000000fdb8f00000,0x000000fdb9000000) (1024K)]
  0x00000203615d8630 JavaThread "External Process Output Forwarder - C:\Users\omark\.cache\selenium\chromedriver\win64\147.0.7727.117\chromedriver.exe" daemon [_thread_in_native, id=69560, stack(0x000000fdb9000000,0x000000fdb9100000) (1024K)]
  0x00000203615db510 JavaThread "Driver Service Executor"    daemon [_thread_blocked, id=61504, stack(0x000000fdb9100000,0x000000fdb9200000) (1024K)]
  0x00000203615dcc80 JavaThread "Driver Service Executor"    daemon [_thread_in_native, id=65364, stack(0x000000fdb9200000,0x000000fdb9300000) (1024K)]
  0x00000203615ddc20 JavaThread "UrlChecker-2"               daemon [_thread_blocked, id=60428, stack(0x000000fdb9300000,0x000000fdb9400000) (1024K)]
  0x000002036167d2e0 JavaThread "JdkHttpClient-0-0"          daemon [_thread_blocked, id=53208, stack(0x000000fdb7c00000,0x000000fdb7d00000) (1024K)]
  0x000002036167dab0 JavaThread "ForkJoinPool.commonPool-delayScheduler" daemon [_thread_blocked, id=59920, stack(0x000000fdb9500000,0x000000fdb9600000) (1024K)]
  0x000002036167b3a0 JavaThread "JdkHttpClient-0-1"          daemon [_thread_blocked, id=63236, stack(0x000000fdb9600000,0x000000fdb9700000) (1024K)]
  0x0000020361681930 JavaThread "JdkHttpClient-0-2"          daemon [_thread_blocked, id=66464, stack(0x000000fdb9700000,0x000000fdb9800000) (1024K)]
  0x00000203616828d0 JavaThread "JdkHttpClient-0-3"          daemon [_thread_blocked, id=55880, stack(0x000000fdb9800000,0x000000fdb9900000) (1024K)]
  0x0000020361f45f60 JavaThread "ForkJoinPool-1-worker-3"    daemon [_thread_blocked, id=50844, stack(0x000000fdb7300000,0x000000fdb7400000) (1024K)]
  0x0000020361f447f0 JavaThread "JdkHttpClient-1-0"          daemon [_thread_blocked, id=67464, stack(0x000000fdb7b00000,0x000000fdb7c00000) (1024K)]
  0x0000020361f46f00 JavaThread "JdkHttpClient-1-1"          daemon [_thread_blocked, id=58648, stack(0x000000fdb9900000,0x000000fdb9a00000) (1024K)]
  0x0000020361f44020 JavaThread "JdkHttpClient-1-2"          daemon [_thread_blocked, id=68876, stack(0x000000fdb9a00000,0x000000fdb9b00000) (1024K)]
  0x0000020361f44fc0 JavaThread "JdkHttpClient-1-3"          daemon [_thread_blocked, id=69296, stack(0x000000fdb9b00000,0x000000fdb9c00000) (1024K)]
  0x0000020361f47ea0 JavaThread "ForkJoinPool-1-worker-4"    daemon [_thread_blocked, id=54628, stack(0x000000fdb9c00000,0x000000fdb9d00000) (1024K)]
Total: 37

Other Threads:
  0x000002035a333c40 VMThread "VM Thread"                           [id=60328, stack(0x000000fdb6800000,0x000000fdb6900000) (1024K)]
  0x000002035a3270f0 WatcherThread "VM Periodic Task Thread"        [id=54616, stack(0x000000fdb6700000,0x000000fdb6800000) (1024K)]
  0x00000203398990f0 WorkerThread "GC Thread#0"                     [id=68188, stack(0x000000fdb6100000,0x000000fdb6200000) (1024K)]
  0x000002035a82c6d0 WorkerThread "GC Thread#1"                     [id=53228, stack(0x000000fdb7500000,0x000000fdb7600000) (1024K)]
  0x000002035f07c070 WorkerThread "GC Thread#2"                     [id=61680, stack(0x000000fdb7a00000,0x000000fdb7b00000) (1024K)]
  0x000002035fdd3470 WorkerThread "GC Thread#3"                     [id=61732, stack(0x000000fdb7f00000,0x000000fdb8000000) (1024K)]
  0x000002035fdd11f0 WorkerThread "GC Thread#4"                     [id=65476, stack(0x000000fdb8000000,0x000000fdb8100000) (1024K)]
  0x000002035fdd1ee0 WorkerThread "GC Thread#5"                     [id=54108, stack(0x000000fdb8400000,0x000000fdb8500000) (1024K)]
  0x000002035fdd56f0 WorkerThread "GC Thread#6"                     [id=69028, stack(0x000000fdb8500000,0x000000fdb8600000) (1024K)]
  0x0000020360fc5a80 WorkerThread "GC Thread#7"                     [id=35760, stack(0x000000fdb8700000,0x000000fdb8800000) (1024K)]
  0x0000020360fc51e0 WorkerThread "GC Thread#8"                     [id=51012, stack(0x000000fdb8800000,0x000000fdb8900000) (1024K)]
  0x0000020360fc6bc0 WorkerThread "GC Thread#9"                     [id=67692, stack(0x000000fdb8900000,0x000000fdb8a00000) (1024K)]
  0x0000020360fc7010 WorkerThread "GC Thread#10"                    [id=66936, stack(0x000000fdb8a00000,0x000000fdb8b00000) (1024K)]
  0x00000203398b2090 ConcurrentGCThread "G1 Main Marker"            [id=62576, stack(0x000000fdb6200000,0x000000fdb6300000) (1024K)]
  0x00000203398b4270 WorkerThread "G1 Conc#0"                       [id=65232, stack(0x000000fdb6300000,0x000000fdb6400000) (1024K)]
  0x0000020360fc7d00 WorkerThread "G1 Conc#1"                       [id=60436, stack(0x000000fdb8b00000,0x000000fdb8c00000) (1024K)]
  0x0000020360fc7460 WorkerThread "G1 Conc#2"                       [id=68060, stack(0x000000fdb8c00000,0x000000fdb8d00000) (1024K)]
  0x00000203398fdff0 WorkerThread "G1 Refinement Workers#0"         [id=53176, stack(0x000000fdb6500000,0x000000fdb6600000) (1024K)]
  0x00000203398fd580 ConcurrentGCThread "G1 Refine Control"         [id=66768, stack(0x000000fdb6400000,0x000000fdb6500000) (1024K)]
  0x00000203398fe970 ConcurrentGCThread "G1 Service"                [id=63988, stack(0x000000fdb6600000,0x000000fdb6700000) (1024K)]
Total: 20

Threads with active compile tasks:
C2 CompilerThread0  13157 3795  s    4       java.io.BufferedInputStream::read (112 bytes)
Total: 1

VM state: not at safepoint (normal execution)

VM Mutex/Monitor currently owned by a thread: None

Heap address: 0x0000000701200000, size: 4078 MB, Compressed Oops mode: Zero based, Oop shift amount: 3

CDS archive(s) mapped at: [0x000000008d000000-0x000000008dde0000-0x000000008dde0000), size 14548992, SharedBaseAddress: 0x000000008d000000, ArchiveRelocationMode: 1.
Compressed class space mapped at: 0x000000008e000000-0x00000000ce000000, reserved size: 1073741824
UseCompressedClassPointers 1, UseCompactObjectHeaders 0
Narrow klass pointer bits 32, Max shift 3
Narrow klass base: 0x000000008d000000, Narrow klass shift: 0
Encoding Range: [0x000000008d000000 - 0x000000018d000000), (4294967296 bytes)
Klass Range:    [0x000000008d000000 - 0x00000000ce000000), (1090519040 bytes)
Klass ID Range:  [8 - 1090519033) (1090519025)
Protection zone: [0x000000008d000000 - 0x000000008d010000), (65536 bytes)

GC Precious Log:
 CardTable entry size: 512
 Card Set container configuration: InlinePtr #cards 4 size 8 Array Of Cards #cards 16 size 48 Howl #buckets 8 coarsen threshold 3686 Howl Bitmap #cards 512 size 80 coarsen threshold 460 Card regions per heap region 1 cards per card region 4096
 CPUs: 16 total, 16 available
 Memory: 16307M
 Large Page Support: Disabled
 NUMA Support: Disabled
 Compressed Oops: Enabled (Zero based)
 Heap Region Size: 2M
 Heap Min Capacity: 8M
 Heap Initial Capacity: 8M
 Heap Max Capacity: 4078M
 Pre-touch: Disabled
 Parallel Workers: 13
 Concurrent Workers: 3
 Concurrent Refinement Workers: 13
 Periodic GC: Disabled

Heap:
 garbage-first heap   total reserved 4175872K, committed 92160K, used 44013K [0x0000000701200000, 0x0000000800000000)
  region size 2M, 18 eden (36M), 2 survivor (4M), 4 old (8M), 0 humongous (0M), 21 free (42M)

Heap Regions: E=young(eden), S=young(survivor), O=old, HS=humongous(starts), HC=humongous(continues), CS=collection set, F=free, TAMS=top-at-mark-start, PB=parsable bottom
|    0|0x0000000701200000, 0x0000000701400000, 0x0000000701400000|100%| O|  |TAMS 0x0000000701200000| PB 0x0000000701200000| Untracked |  0
|    1|0x0000000701400000, 0x000000070149b890, 0x0000000701600000| 30%| O|  |TAMS 0x0000000701400000| PB 0x0000000701400000| Untracked |  0
|    2|0x0000000701600000, 0x0000000701800000, 0x0000000701800000|100%| O|  |TAMS 0x0000000701600000| PB 0x0000000701600000| Untracked |  0
|    3|0x0000000701800000, 0x0000000701800000, 0x0000000701a00000|  0%| F|  |TAMS 0x0000000701800000| PB 0x0000000701800000| Untracked |  0
|    4|0x0000000701a00000, 0x0000000701a00000, 0x0000000701c00000|  0%| F|  |TAMS 0x0000000701a00000| PB 0x0000000701a00000| Untracked |  0
|    5|0x0000000701c00000, 0x0000000701c00000, 0x0000000701e00000|  0%| F|  |TAMS 0x0000000701c00000| PB 0x0000000701c00000| Untracked |  0
|    6|0x0000000701e00000, 0x0000000701e00000, 0x0000000702000000|  0%| F|  |TAMS 0x0000000701e00000| PB 0x0000000701e00000| Untracked |  0
|    7|0x0000000702000000, 0x0000000702000000, 0x0000000702200000|  0%| F|  |TAMS 0x0000000702000000| PB 0x0000000702000000| Untracked |  0
|    8|0x0000000702200000, 0x0000000702200000, 0x0000000702400000|  0%| F|  |TAMS 0x0000000702200000| PB 0x0000000702200000| Untracked |  0
|    9|0x0000000702400000, 0x0000000702400000, 0x0000000702600000|  0%| F|  |TAMS 0x0000000702400000| PB 0x0000000702400000| Untracked |  0
|   10|0x0000000702600000, 0x0000000702600000, 0x0000000702800000|  0%| F|  |TAMS 0x0000000702600000| PB 0x0000000702600000| Untracked |  0
|   11|0x0000000702800000, 0x0000000702800000, 0x0000000702a00000|  0%| F|  |TAMS 0x0000000702800000| PB 0x0000000702800000| Untracked |  0
|   12|0x0000000702a00000, 0x0000000702a00000, 0x0000000702c00000|  0%| F|  |TAMS 0x0000000702a00000| PB 0x0000000702a00000| Untracked |  0
|   13|0x0000000702c00000, 0x0000000702c00000, 0x0000000702e00000|  0%| F|  |TAMS 0x0000000702c00000| PB 0x0000000702c00000| Untracked |  0
|   14|0x0000000702e00000, 0x0000000702e00000, 0x0000000703000000|  0%| F|  |TAMS 0x0000000702e00000| PB 0x0000000702e00000| Untracked |  0
|   15|0x0000000703000000, 0x0000000703000000, 0x0000000703200000|  0%| F|  |TAMS 0x0000000703000000| PB 0x0000000703000000| Untracked |  0
|   16|0x0000000703200000, 0x0000000703200000, 0x0000000703400000|  0%| F|  |TAMS 0x0000000703200000| PB 0x0000000703200000| Untracked |  0
|   17|0x0000000703400000, 0x0000000703400000, 0x0000000703600000|  0%| F|  |TAMS 0x0000000703400000| PB 0x0000000703400000| Untracked |  0
|   18|0x0000000703600000, 0x0000000703600000, 0x0000000703800000|  0%| F|  |TAMS 0x0000000703600000| PB 0x0000000703600000| Untracked |  0
|   19|0x0000000703800000, 0x0000000703800000, 0x0000000703a00000|  0%| F|  |TAMS 0x0000000703800000| PB 0x0000000703800000| Untracked |  0
|   20|0x0000000703a00000, 0x0000000703a00000, 0x0000000703c00000|  0%| F|  |TAMS 0x0000000703a00000| PB 0x0000000703a00000| Untracked |  0
|   21|0x0000000703c00000, 0x0000000703c00000, 0x0000000703e00000|  0%| F|  |TAMS 0x0000000703c00000| PB 0x0000000703c00000| Untracked |  0
|   22|0x0000000703e00000, 0x0000000703e00000, 0x0000000704000000|  0%| F|  |TAMS 0x0000000703e00000| PB 0x0000000703e00000| Untracked |  0
|   23|0x0000000704000000, 0x0000000704000000, 0x0000000704200000|  0%| F|  |TAMS 0x0000000704000000| PB 0x0000000704000000| Untracked |  0
|   24|0x0000000704200000, 0x000000070426aa90, 0x0000000704400000| 20%| E|CS|TAMS 0x0000000704200000| PB 0x0000000704200000| Complete  |  0
|   25|0x0000000704400000, 0x0000000704600000, 0x0000000704600000|100%| E|CS|TAMS 0x0000000704400000| PB 0x0000000704400000| Complete  |  0
|   26|0x0000000704600000, 0x0000000704800000, 0x0000000704800000|100%| E|CS|TAMS 0x0000000704600000| PB 0x0000000704600000| Complete  |  0
|   27|0x0000000704800000, 0x0000000704a00000, 0x0000000704a00000|100%| E|CS|TAMS 0x0000000704800000| PB 0x0000000704800000| Complete  |  0
|   28|0x0000000704a00000, 0x0000000704c00000, 0x0000000704c00000|100%| E|CS|TAMS 0x0000000704a00000| PB 0x0000000704a00000| Complete  |  0
|   29|0x0000000704c00000, 0x0000000704e00000, 0x0000000704e00000|100%| E|CS|TAMS 0x0000000704c00000| PB 0x0000000704c00000| Complete  |  0
|   30|0x0000000704e00000, 0x0000000705000000, 0x0000000705000000|100%| E|CS|TAMS 0x0000000704e00000| PB 0x0000000704e00000| Complete  |  0
|   31|0x0000000705000000, 0x0000000705200000, 0x0000000705200000|100%| E|CS|TAMS 0x0000000705000000| PB 0x0000000705000000| Complete  |  0
|   32|0x0000000705200000, 0x0000000705400000, 0x0000000705400000|100%| E|CS|TAMS 0x0000000705200000| PB 0x0000000705200000| Complete  |  0
|   33|0x0000000705400000, 0x0000000705600000, 0x0000000705600000|100%| E|CS|TAMS 0x0000000705400000| PB 0x0000000705400000| Complete  |  0
|   34|0x0000000705600000, 0x0000000705800000, 0x0000000705800000|100%| E|CS|TAMS 0x0000000705600000| PB 0x0000000705600000| Complete  |  0
|   35|0x0000000705800000, 0x00000007059380c0, 0x0000000705a00000| 60%| S|CS|TAMS 0x0000000705800000| PB 0x0000000705800000| Complete  |  0
|   36|0x0000000705a00000, 0x0000000705c00000, 0x0000000705c00000|100%| S|CS|TAMS 0x0000000705a00000| PB 0x0000000705a00000| Complete  |  0
|   37|0x0000000705c00000, 0x0000000705e00000, 0x0000000705e00000|100%| E|CS|TAMS 0x0000000705c00000| PB 0x0000000705c00000| Complete  |  0
|   38|0x0000000705e00000, 0x0000000706000000, 0x0000000706000000|100%| E|CS|TAMS 0x0000000705e00000| PB 0x0000000705e00000| Complete  |  0
|   39|0x0000000706000000, 0x0000000706200000, 0x0000000706200000|100%| E|CS|TAMS 0x0000000706000000| PB 0x0000000706000000| Complete  |  0
|   40|0x0000000706200000, 0x0000000706400000, 0x0000000706400000|100%| E|CS|TAMS 0x0000000706200000| PB 0x0000000706200000| Complete  |  0
|   41|0x0000000706400000, 0x0000000706600000, 0x0000000706600000|100%| E|CS|TAMS 0x0000000706400000| PB 0x0000000706400000| Complete  |  0
|   42|0x0000000706600000, 0x0000000706800000, 0x0000000706800000|100%| E|CS|TAMS 0x0000000706600000| PB 0x0000000706600000| Complete  |  0
|   43|0x0000000706800000, 0x0000000706a00000, 0x0000000706a00000|100%| E|CS|TAMS 0x0000000706800000| PB 0x0000000706800000| Complete  |  0
| 2038|0x00000007ffe00000, 0x00000007fff27e60, 0x0000000800000000| 57%| O|Cm|TAMS 0x00000007ffe00000| PB 0x00000007ffe00000| Complete  |  0

Card table byte_map: [0x0000020352e70000,0x0000020353670000] _byte_map_base: 0x000002034f667000
Refinement table byte_map: [0x0000020352670000,0x0000020352e70000] _byte_map_base: 0x000002034ee67000

Marking Bits: (CMBitMap*) 0x0000020339899870
 Bits: [0x0000020353670000, 0x0000020357628000)

Polling page: 0x0000020337a20000

Metaspace:
Metaspace        used 27409K, committed 27776K, reserved 1114112K
 class space     used 3271K, committed 3456K, reserved 1048576K

Usage:
  Non-class:     23.57 MB used.
      Class:      3.20 MB used.
       Both:     26.77 MB used.

Virtual space:
  Non-class space:       64.00 MB reserved,      23.75 MB ( 37%) committed,  1 nodes.
      Class space:        1.00 GB reserved,       3.38 MB ( <1%) committed,  1 nodes.
             Both:        1.06 GB reserved,      27.12 MB (  2%) committed. 

Chunk freelists:
   Non-Class:  8.26 MB
       Class:  12.69 MB
        Both:  20.95 MB

MaxMetaspaceSize: unlimited
CompressedClassSpaceSize: 1.00 GB
Initial GC threshold: 21.00 MB
Current GC threshold: 35.25 MB
CDS: on
 - commit_granule_bytes: 65536.
 - commit_granule_words: 8192.
 - virtual_space_node_default_size: 8388608.
 - enlarge_chunks_in_place: 1.
UseCompressedClassPointers 1, UseCompactObjectHeaders 0
Narrow klass pointer bits 32, Max shift 3
Narrow klass base: 0x000000008d000000, Narrow klass shift: 0
Encoding Range: [0x000000008d000000 - 0x000000018d000000), (4294967296 bytes)
Klass Range:    [0x000000008d000000 - 0x00000000ce000000), (1090519040 bytes)
Klass ID Range:  [8 - 1090519033) (1090519025)
Protection zone: [0x000000008d000000 - 0x000000008d010000), (65536 bytes)


Internal statistics:

num_allocs_failed_limit: 3.
num_arena_births: 352.
num_arena_deaths: 2.
num_vsnodes_births: 2.
num_vsnodes_deaths: 0.
num_space_committed: 434.
num_space_uncommitted: 0.
num_chunks_returned_to_freelist: 5.
num_chunks_taken_from_freelist: 853.
num_chunk_merges: 0.
num_chunk_splits: 496.
num_chunks_enlarged: 316.
num_inconsistent_stats: 0.

CodeHeap 'non-profiled nmethods': size=119232Kb used=1049Kb max_used=1049Kb free=118182Kb
 bounds [0x000002034a070000, 0x000002034a2e0000, 0x00000203514e0000]
CodeHeap 'profiled nmethods': size=119104Kb used=5943Kb max_used=5943Kb free=113160Kb
 bounds [0x00000203424e0000, 0x0000020342ab0000, 0x0000020349930000]
CodeHeap 'non-nmethods': size=7424Kb used=1513Kb max_used=2748Kb free=5910Kb
 bounds [0x0000020349930000, 0x0000020349c00000, 0x000002034a070000]
CodeCache: size=245760Kb, used=8505Kb, max_used=9740Kb, free=237252Kb
 total_blobs=4430, nmethods=3808, adapters=525, full_count=0
Compilation: enabled, stopped_count=0, restarted_count=0

Compilation events (20 events):
Event: 12.085 Thread 0x000002035a372ab0 3797       3       java.io.ObjectOutputStream$BlockDataOutputStream::writeLong (48 bytes)
Event: 12.085 Thread 0x000002035a372ab0 nmethod 3797 0x0000020342aa8408 code [0x0000020342aa8500, 0x0000020342aa8988]
Event: 12.085 Thread 0x000002035a372ab0 3799   !   3       java.io.ObjectOutputStream::writeSerialData (223 bytes)
Event: 12.086 Thread 0x000002035a372ab0 nmethod 3799 0x0000020342aa8a08 code [0x0000020342aa8b00, 0x0000020342aa9e88]
Event: 12.086 Thread 0x000002035a372ab0 3798       3       java.io.ObjectStreamClass::checkSerialize (20 bytes)
Event: 12.087 Thread 0x000002035a372ab0 nmethod 3798 0x0000020342aa9f08 code [0x0000020342aaa000, 0x0000020342aaa3f8]
Event: 12.793 Thread 0x000002035a372ab0 3800   !   3       java.lang.Thread::sleepNanos (53 bytes)
Event: 12.793 Thread 0x000002035a372ab0 nmethod 3800 0x0000020342aaa408 code [0x0000020342aaa500, 0x0000020342aaacc0]
Event: 12.793 Thread 0x000002035a372ab0 3801   !   3       java.lang.Thread::beforeSleep (32 bytes)
Event: 12.793 Thread 0x000002035a372ab0 nmethod 3801 0x0000020342aaad08 code [0x0000020342aaae00, 0x0000020342aab178]
Event: 12.793 Thread 0x000002035a372ab0 3802       3       jdk.internal.event.ThreadSleepEvent::<init> (5 bytes)
Event: 12.794 Thread 0x000002035a372ab0 nmethod 3802 0x0000020342aab188 code [0x0000020342aab280, 0x0000020342aab430]
Event: 12.894 Thread 0x000002035a372ab0 3803       3       java.lang.Thread::sleep (29 bytes)
Event: 12.894 Thread 0x000002035a372ab0 nmethod 3803 0x0000020342aab488 code [0x0000020342aab580, 0x0000020342aab858]
Event: 13.044 Thread 0x000002035a372ab0 3804       3       com.intellij.rt.debugger.agent.SuspendHelper::access$000 (4 bytes)
Event: 13.044 Thread 0x000002035a372ab0 nmethod 3804 0x0000020342aab888 code [0x0000020342aab980, 0x0000020342aabae8]
Event: 13.044 Thread 0x000002035a372ab0 3805       3       com.intellij.rt.debugger.agent.SuspendHelper::suspendHelperLoopBody (7 bytes)
Event: 13.044 Thread 0x000002035a372ab0 nmethod 3805 0x0000020342aabb88 code [0x0000020342aabc80, 0x0000020342aabd90]
Event: 13.087 Thread 0x000002035a372ab0 3806       1       javax.management.ObjectName$Property::setKeyIndex (6 bytes)
Event: 13.087 Thread 0x000002035a372ab0 nmethod 3806 0x000002034a175f88 code [0x000002034a176080, 0x000002034a176138]

GC Heap Usage History (18 events):
Event: 0.104 {heap Before GC invocations=0 (full 0):
 garbage-first heap   total reserved 4175872K, committed 10240K, used 3231K [0x0000000701200000, 0x0000000800000000)
  region size 2M, 1 eden (2M), 0 survivor (0M), 1 old (2M), 0 humongous (0M), 3 free (6M)
}
Event: 0.105 {heap After GC invocations=1 (full 0):
 garbage-first heap   total reserved 4175872K, committed 10240K, used 2015K [0x0000000701200000, 0x0000000800000000)
  region size 2M, 0 eden (0M), 1 survivor (2M), 1 old (2M), 0 humongous (0M), 3 free (6M)
}
Event: 0.136 {heap Before GC invocations=1 (full 0):
 garbage-first heap   total reserved 4175872K, committed 10240K, used 2015K [0x0000000701200000, 0x0000000800000000)
  region size 2M, 1 eden (2M), 1 survivor (2M), 1 old (2M), 0 humongous (0M), 2 free (4M)
}
Event: 0.137 {heap After GC invocations=2 (full 0):
 garbage-first heap   total reserved 4175872K, committed 10240K, used 1953K [0x0000000701200000, 0x0000000800000000)
  region size 2M, 0 eden (0M), 1 survivor (2M), 1 old (2M), 0 humongous (0M), 3 free (6M)
}
Event: 0.150 {heap Before GC invocations=2 (full 0):
 garbage-first heap   total reserved 4175872K, committed 10240K, used 1953K [0x0000000701200000, 0x0000000800000000)
  region size 2M, 1 eden (2M), 1 survivor (2M), 1 old (2M), 0 humongous (0M), 2 free (4M)
}
Event: 0.151 {heap After GC invocations=3 (full 0):
 garbage-first heap   total reserved 4175872K, committed 10240K, used 2908K [0x0000000701200000, 0x0000000800000000)
  region size 2M, 0 eden (0M), 1 survivor (2M), 1 old (2M), 0 humongous (0M), 3 free (6M)
}
Event: 0.162 {heap Before GC invocations=3 (full 0):
 garbage-first heap   total reserved 4175872K, committed 10240K, used 4956K [0x0000000701200000, 0x0000000800000000)
  region size 2M, 1 eden (2M), 1 survivor (2M), 1 old (2M), 0 humongous (0M), 2 free (4M)
}
Event: 0.164 {heap After GC invocations=4 (full 0):
 garbage-first heap   total reserved 4175872K, committed 30720K, used 4214K [0x0000000701200000, 0x0000000800000000)
  region size 2M, 0 eden (0M), 1 survivor (2M), 2 old (4M), 0 humongous (0M), 12 free (24M)
}
Event: 0.271 {heap Before GC invocations=4 (full 0):
 garbage-first heap   total reserved 4175872K, committed 30720K, used 12406K [0x0000000701200000, 0x0000000800000000)
  region size 2M, 5 eden (10M), 1 survivor (2M), 2 old (4M), 0 humongous (0M), 7 free (14M)
}
Event: 0.273 {heap After GC invocations=5 (full 0):
 garbage-first heap   total reserved 4175872K, committed 30720K, used 5296K [0x0000000701200000, 0x0000000800000000)
  region size 2M, 0 eden (0M), 1 survivor (2M), 3 old (6M), 0 humongous (0M), 11 free (22M)
}
Event: 0.367 {heap Before GC invocations=5 (full 0):
 garbage-first heap   total reserved 4175872K, committed 30720K, used 13488K [0x0000000701200000, 0x0000000800000000)
  region size 2M, 4 eden (8M), 1 survivor (2M), 3 old (6M), 0 humongous (0M), 7 free (14M)
}
Event: 0.368 {heap After GC invocations=6 (full 0):
 garbage-first heap   total reserved 4175872K, committed 30720K, used 5907K [0x0000000701200000, 0x0000000800000000)
  region size 2M, 0 eden (0M), 1 survivor (2M), 3 old (6M), 0 humongous (0M), 11 free (22M)
}
Event: 0.463 {heap Before GC invocations=6 (full 0):
 garbage-first heap   total reserved 4175872K, committed 30720K, used 14099K [0x0000000701200000, 0x0000000800000000)
  region size 2M, 5 eden (10M), 1 survivor (2M), 3 old (6M), 0 humongous (0M), 6 free (12M)
}
Event: 0.466 {heap After GC invocations=7 (full 0):
 garbage-first heap   total reserved 4175872K, committed 30720K, used 6716K [0x0000000701200000, 0x0000000800000000)
  region size 2M, 0 eden (0M), 1 survivor (2M), 3 old (6M), 0 humongous (0M), 11 free (22M)
}
Event: 0.645 {heap Before GC invocations=7 (full 0):
 garbage-first heap   total reserved 4175872K, committed 30720K, used 14908K [0x0000000701200000, 0x0000000800000000)
  region size 2M, 5 eden (10M), 1 survivor (2M), 3 old (6M), 0 humongous (0M), 6 free (12M)
}
Event: 0.647 {heap After GC invocations=8 (full 0):
 garbage-first heap   total reserved 4175872K, committed 92160K, used 7413K [0x0000000701200000, 0x0000000800000000)
  region size 2M, 0 eden (0M), 1 survivor (2M), 4 old (8M), 0 humongous (0M), 40 free (80M)
}
Event: 0.774 {heap Before GC invocations=8 (full 0):
 garbage-first heap   total reserved 4175872K, committed 92160K, used 17653K [0x0000000701200000, 0x0000000800000000)
  region size 2M, 7 eden (14M), 1 survivor (2M), 4 old (8M), 0 humongous (0M), 33 free (66M)
}
Event: 0.777 {heap After GC invocations=9 (full 0):
 garbage-first heap   total reserved 4175872K, committed 92160K, used 9197K [0x0000000701200000, 0x0000000800000000)
  region size 2M, 0 eden (0M), 2 survivor (4M), 4 old (8M), 0 humongous (0M), 39 free (78M)
}

Metaspace Usage History (18 events):
Event: 0.104 {metaspace Before GC invocations=0 (full 0):
 Metaspace       used 858K, committed 1088K, reserved 1114112K
  class space    used 70K, committed 192K, reserved 1048576K
}
Event: 0.105 {metaspace After GC invocations=1 (full 0):
 Metaspace       used 858K, committed 1088K, reserved 1114112K
  class space    used 70K, committed 192K, reserved 1048576K
}
Event: 0.136 {metaspace Before GC invocations=1 (full 0):
 Metaspace       used 2910K, committed 3072K, reserved 1114112K
  class space    used 295K, committed 384K, reserved 1048576K
}
Event: 0.137 {metaspace After GC invocations=2 (full 0):
 Metaspace       used 2910K, committed 3072K, reserved 1114112K
  class space    used 295K, committed 384K, reserved 1048576K
}
Event: 0.150 {metaspace Before GC invocations=2 (full 0):
 Metaspace       used 3227K, committed 3328K, reserved 1114112K
  class space    used 325K, committed 384K, reserved 1048576K
}
Event: 0.151 {metaspace After GC invocations=3 (full 0):
 Metaspace       used 3227K, committed 3328K, reserved 1114112K
  class space    used 325K, committed 384K, reserved 1048576K
}
Event: 0.162 {metaspace Before GC invocations=3 (full 0):
 Metaspace       used 3742K, committed 3840K, reserved 1114112K
  class space    used 386K, committed 448K, reserved 1048576K
}
Event: 0.164 {metaspace After GC invocations=4 (full 0):
 Metaspace       used 3742K, committed 3840K, reserved 1114112K
  class space    used 386K, committed 448K, reserved 1048576K
}
Event: 0.271 {metaspace Before GC invocations=4 (full 0):
 Metaspace       used 8536K, committed 8704K, reserved 1114112K
  class space    used 958K, committed 1024K, reserved 1048576K
}
Event: 0.273 {metaspace After GC invocations=5 (full 0):
 Metaspace       used 8536K, committed 8704K, reserved 1114112K
  class space    used 958K, committed 1024K, reserved 1048576K
}
Event: 0.367 {metaspace Before GC invocations=5 (full 0):
 Metaspace       used 12477K, committed 12672K, reserved 1114112K
  class space    used 1405K, committed 1536K, reserved 1048576K
}
Event: 0.368 {metaspace After GC invocations=6 (full 0):
 Metaspace       used 12477K, committed 12672K, reserved 1114112K
  class space    used 1405K, committed 1536K, reserved 1048576K
}
Event: 0.463 {metaspace Before GC invocations=6 (full 0):
 Metaspace       used 15394K, committed 15680K, reserved 1114112K
  class space    used 1748K, committed 1856K, reserved 1048576K
}
Event: 0.466 {metaspace After GC invocations=7 (full 0):
 Metaspace       used 15394K, committed 15680K, reserved 1114112K
  class space    used 1748K, committed 1856K, reserved 1048576K
}
Event: 0.645 {metaspace Before GC invocations=7 (full 0):
 Metaspace       used 17434K, committed 17664K, reserved 1114112K
  class space    used 2059K, committed 2176K, reserved 1048576K
}
Event: 0.647 {metaspace After GC invocations=8 (full 0):
 Metaspace       used 17434K, committed 17664K, reserved 1114112K
  class space    used 2059K, committed 2176K, reserved 1048576K
}
Event: 0.774 {metaspace Before GC invocations=8 (full 0):
 Metaspace       used 21253K, committed 21504K, reserved 1114112K
  class space    used 2484K, committed 2624K, reserved 1048576K
}
Event: 0.777 {metaspace After GC invocations=9 (full 0):
 Metaspace       used 21253K, committed 21504K, reserved 1114112K
  class space    used 2484K, committed 2624K, reserved 1048576K
}

Dll operation events (20 events):
Event: 0.081 Attempting to load shared library C:\Users\omark\.jdks\openjdk-26\bin\instrument.dll
Event: 0.081 Loaded shared library C:\Users\omark\.jdks\openjdk-26\bin\instrument.dll
Event: 0.087 Attempting to load shared library C:\Users\omark\.jdks\openjdk-26\bin\net.dll
Event: 0.087 Loaded shared library C:\Users\omark\.jdks\openjdk-26\bin\net.dll
Event: 0.088 Attempting to load shared library C:\Users\omark\.jdks\openjdk-26\bin\nio.dll
Event: 0.088 Loaded shared library C:\Users\omark\.jdks\openjdk-26\bin\nio.dll
Event: 0.102 Attempting to load shared library C:\Users\omark\.jdks\openjdk-26\bin\verify.dll
Event: 0.102 Loaded shared library C:\Users\omark\.jdks\openjdk-26\bin\verify.dll
Event: 0.109 Attempting to load shared library C:\Users\omark\.jdks\openjdk-26\bin\jimage.dll
Event: 0.109 Loaded shared library C:\Users\omark\.jdks\openjdk-26\bin\jimage.dll
Event: 0.130 Attempting to load shared library C:\Users\omark\.jdks\openjdk-26\bin\zip.dll
Event: 0.130 Loaded shared library C:\Users\omark\.jdks\openjdk-26\bin\zip.dll
Event: 0.157 Attempting to load shared library C:\Users\omark\.jdks\openjdk-26\bin\extnet.dll
Event: 0.157 Loaded shared library C:\Users\omark\.jdks\openjdk-26\bin\extnet.dll
Event: 0.177 Attempting to load shared library C:\Users\omark\.jdks\openjdk-26\bin\management.dll
Event: 0.177 Loaded shared library C:\Users\omark\.jdks\openjdk-26\bin\management.dll
Event: 0.191 Attempting to load shared library C:\Users\omark\.jdks\openjdk-26\bin\management_ext.dll
Event: 0.191 Loaded shared library C:\Users\omark\.jdks\openjdk-26\bin\management_ext.dll
Event: 0.788 Attempting to load shared library C:\Users\omark\.jdks\openjdk-26\bin\sunmscapi.dll
Event: 0.789 Loaded shared library C:\Users\omark\.jdks\openjdk-26\bin\sunmscapi.dll

Deoptimization events (20 events):
Event: 8.404 Thread 0x0000020361f47ea0 DEOPT PACKING pc=0x00000203429ca7ef sp=0x000000fdb9cff340
Event: 8.404 Thread 0x0000020361f47ea0 DEOPT UNPACKING pc=0x0000020349981a02 sp=0x000000fdb9cfe7d0 mode 0
Event: 8.466 Thread 0x0000020361f45f60 Uncommon trap: trap_request=0xffffff45 fr.pc=0x000002034a16b164 relative=0x00000000000003e4
Event: 8.466 Thread 0x0000020361f45f60 Uncommon trap: reason=unstable_if action=reinterpret pc=0x000002034a16b164 method=java.util.concurrent.ForkJoinPool.deactivate(Ljava/util/concurrent/ForkJoinPool$WorkQueue;I)I @ 175 c2
Event: 8.466 Thread 0x0000020361f45f60 DEOPT PACKING pc=0x000002034a16b164 sp=0x000000fdb73ff4a0
Event: 8.466 Thread 0x0000020361f45f60 DEOPT UNPACKING pc=0x0000020349a54182 sp=0x000000fdb73ff3e0 mode 2
Event: 8.620 Thread 0x0000020361f45f60 DEOPT PACKING pc=0x0000020342a6436f sp=0x000000fdb73ff450
Event: 8.620 Thread 0x0000020361f45f60 DEOPT UNPACKING pc=0x0000020349981a02 sp=0x000000fdb73fe8e0 mode 0
Event: 8.658 Thread 0x0000020361f45f60 DEOPT PACKING pc=0x0000020342a6436f sp=0x000000fdb73ff450
Event: 8.658 Thread 0x0000020361f45f60 DEOPT UNPACKING pc=0x0000020349981a02 sp=0x000000fdb73fe8e0 mode 0
Event: 8.688 Thread 0x0000020339845e10 DEOPT PACKING pc=0x000002034293999c sp=0x000000fdb60fd4a0
Event: 8.688 Thread 0x0000020339845e10 DEOPT UNPACKING pc=0x0000020349981a02 sp=0x000000fdb60fc9b0 mode 0
Event: 8.688 Thread 0x000002036167b3a0 Uncommon trap: trap_request=0xffffff45 fr.pc=0x000002034a0fe080 relative=0x0000000000000180
Event: 8.688 Thread 0x000002036167b3a0 Uncommon trap: reason=unstable_if action=reinterpret pc=0x000002034a0fe080 method=java.util.concurrent.ConcurrentHashMap.addCount(JI)V @ 171 c2
Event: 8.688 Thread 0x000002036167b3a0 DEOPT PACKING pc=0x000002034a0fe080 sp=0x000000fdb96fe720
Event: 8.688 Thread 0x000002036167b3a0 DEOPT UNPACKING pc=0x0000020349a54182 sp=0x000000fdb96fe660 mode 2
Event: 8.707 Thread 0x0000020361f45f60 DEOPT PACKING pc=0x0000020342a6436f sp=0x000000fdb73ff450
Event: 8.707 Thread 0x0000020361f45f60 DEOPT UNPACKING pc=0x0000020349981a02 sp=0x000000fdb73fe8e0 mode 0
Event: 8.821 Thread 0x0000020361f45f60 DEOPT PACKING pc=0x0000020342a6436f sp=0x000000fdb73ff450
Event: 8.821 Thread 0x0000020361f45f60 DEOPT UNPACKING pc=0x0000020349981a02 sp=0x000000fdb73fe8e0 mode 0

Classes loaded (20 events):
Event: 8.091 Loading class org/openqa/selenium/support/ui/ISelect
Event: 8.091 Loading class org/openqa/selenium/support/ui/ISelect done
Event: 8.092 Loading class org/openqa/selenium/WrapsElement
Event: 8.092 Loading class org/openqa/selenium/WrapsElement done
Event: 8.092 Loading class org/openqa/selenium/support/ui/UnexpectedTagNameException
Event: 8.092 Loading class org/openqa/selenium/support/ui/UnexpectedTagNameException done
Event: 8.117 Loading class org/openqa/selenium/support/ui/Quotes
Event: 8.117 Loading class org/openqa/selenium/support/ui/Quotes done
Event: 8.118 Loading class org/openqa/selenium/remote/RemoteWebElement
Event: 8.118 Loading class org/openqa/selenium/remote/RemoteWebElement done
Event: 8.118 Loading class org/openqa/selenium/remote/CommandPayload
Event: 8.118 Loading class org/openqa/selenium/remote/CommandPayload done
Event: 8.118 Loading class org/openqa/selenium/remote/CommandPayload
Event: 8.118 Loading class org/openqa/selenium/remote/CommandPayload done
Event: 8.127 Loading class org/openqa/selenium/remote/ElementLocation$ElementFinder$2
Event: 8.127 Loading class org/openqa/selenium/remote/ElementLocation$ElementFinder$2 done
Event: 8.128 Loading class org/openqa/selenium/remote/RemoteWebDriver
Event: 8.128 Loading class org/openqa/selenium/remote/RemoteWebDriver done
Event: 8.128 Loading class org/openqa/selenium/WebElement
Event: 8.128 Loading class org/openqa/selenium/WebElement done

Classes unloaded (1 events):
Event: 0.780 Thread 0x000002035a333c40 Unloading class 0x000000008e094400 'java/lang/invoke/LambdaForm$MH+0x000000008e094400'

Classes redefined (1 events):
Event: 0.115 Thread 0x000002035a333c40 redefined class name=java.lang.Throwable, count=1

Internal exceptions (20 events):
Event: 0.825 Thread 0x0000020339845e10 Exception <a 'java/lang/NoSuchMethodError'{0x00000007066a7768}: 'void java.lang.invoke.DirectMethodHandle$Holder.invokeStaticInit(java.lang.Object, java.lang.Object, java.lang.Object)'> (0x00000007066a7768) 
thrown [s\open\src\hotspot\share\interpreter\linkResolver.cpp, line 804]
Event: 0.826 Thread 0x0000020339845e10 Exception <a 'java/lang/NoSuchMethodError'{0x00000007066be4c0}: 'void java.lang.invoke.DirectMethodHandle$Holder.invokeStaticInit(java.lang.Object)'> (0x00000007066be4c0) 
thrown [s\open\src\hotspot\share\interpreter\linkResolver.cpp, line 804]
Event: 0.837 Thread 0x0000020339845e10 Exception <a 'java/lang/IncompatibleClassChangeError'{0x00000007067cbd28}: Found class java.lang.Object, but interface was expected> (0x00000007067cbd28) 
thrown [s\open\src\hotspot\share\interpreter\linkResolver.cpp, line 871]
Event: 0.838 Thread 0x0000020339845e10 Exception <a 'java/lang/NoSuchMethodError'{0x00000007067e38d8}: 'int java.lang.invoke.DirectMethodHandle$Holder.invokeSpecialIFC(java.lang.Object, java.lang.Object, java.lang.Object, java.lang.Object)'> (0x00000007067e38d8) 
thrown [s\open\src\hotspot\share\interpreter\linkResolver.cpp, line 804]
Event: 0.839 Thread 0x0000020339845e10 Exception <a 'java/lang/NoSuchMethodError'{0x0000000706414290}: 'java.lang.Object java.lang.invoke.DirectMethodHandle$Holder.invokeVirtual(java.lang.Object, java.lang.Object, java.lang.Object, java.lang.Object)'> (0x0000000706414290) 
thrown [s\open\src\hotspot\share\interpreter\linkResolver.cpp, line 804]
Event: 0.851 Thread 0x00000203615ddc20 Exception <a 'java/net/ConnectException'{0x000000070655a290}: Connection refused: getsockopt> (0x000000070655a290) 
thrown [s\open\src\hotspot\share\prims\jni.cpp, line 532]
Event: 0.861 Thread 0x00000203615ddc20 Exception <a 'java/net/ConnectException'{0x000000070655b1e8}: Connection refused: getsockopt> (0x000000070655b1e8) 
thrown [s\open\src\hotspot\share\prims\jni.cpp, line 532]
Event: 0.896 Thread 0x0000020339845e10 Exception <a 'java/lang/NoSuchMethodError'{0x000000070633d088}: 'java.lang.Object java.lang.invoke.DirectMethodHandle$Holder.newInvokeSpecial(java.lang.Object, java.lang.Object, int, int)'> (0x000000070633d088) 
thrown [s\open\src\hotspot\share\interpreter\linkResolver.cpp, line 804]
Event: 0.897 Thread 0x0000020339845e10 Exception <a 'java/lang/NoSuchMethodError'{0x0000000706354f38}: 'void java.lang.invoke.DirectMethodHandle$Holder.invokeStatic(java.lang.Object, java.lang.Object, int)'> (0x0000000706354f38) 
thrown [s\open\src\hotspot\share\interpreter\linkResolver.cpp, line 804]
Event: 0.918 Thread 0x000002036167d2e0 Exception <a 'java/lang/NoSuchMethodError'{0x00000007061e5b98}: 'java.lang.Object java.lang.invoke.DirectMethodHandle$Holder.invokeSpecial(java.lang.Object, java.lang.Object, java.lang.Object, java.lang.Object, java.lang.Object, int)'> (0x00000007061e5b98) 
thrown [s\open\src\hotspot\share\interpreter\linkResolver.cpp, line 804]
Event: 0.918 Thread 0x000002036167d2e0 Exception <a 'java/lang/NoSuchMethodError'{0x00000007061f60b8}: 'java.lang.Object java.lang.invoke.Invokers$Holder.linkToTargetMethod(java.lang.Object, java.lang.Object, int, java.lang.Object)'> (0x00000007061f60b8) 
thrown [s\open\src\hotspot\share\interpreter\linkResolver.cpp, line 804]
Event: 0.923 Thread 0x000002036167d2e0 Exception <a 'java/lang/IncompatibleClassChangeError'{0x0000000705e4eac0}: Found class java.lang.Object, but interface was expected> (0x0000000705e4eac0) 
thrown [s\open\src\hotspot\share\interpreter\linkResolver.cpp, line 871]
Event: 0.930 Thread 0x000002036167d2e0 Exception <a 'java/lang/NoSuchMethodError'{0x0000000705f03440}: 'void java.lang.invoke.DirectMethodHandle$Holder.invokeSpecial(java.lang.Object, java.lang.Object, java.lang.Object, java.lang.Object, java.lang.Object)'> (0x0000000705f03440) 
thrown [s\open\src\hotspot\share\interpreter\linkResolver.cpp, line 804]
Event: 0.933 Thread 0x000002036167d2e0 Exception <a 'java/lang/NoSuchMethodError'{0x0000000705f5beb0}: 'long java.lang.invoke.DirectMethodHandle$Holder.invokeStatic(java.lang.Object, long, long)'> (0x0000000705f5beb0) 
thrown [s\open\src\hotspot\share\interpreter\linkResolver.cpp, line 804]
Event: 0.935 Thread 0x0000020360f6d5e0 Exception <a 'java/lang/NoSuchMethodError'{0x00000007067398f0}: 'int java.lang.invoke.DirectMethodHandle$Holder.invokeStatic(java.lang.Object, int, java.lang.Object)'> (0x00000007067398f0) 
thrown [s\open\src\hotspot\share\interpreter\linkResolver.cpp, line 804]
Event: 0.935 Thread 0x0000020360f6d5e0 Exception <a 'java/lang/NoSuchMethodError'{0x0000000705fe1318}: 'java.lang.Object java.lang.invoke.DirectMethodHandle$Holder.newInvokeSpecial(java.lang.Object, java.lang.Object, int)'> (0x0000000705fe1318) 
thrown [s\open\src\hotspot\share\interpreter\linkResolver.cpp, line 804]
Event: 0.937 Thread 0x000002036167b3a0 Exception <a 'java/lang/NoSuchMethodError'{0x0000000705c0d0b0}: 'int java.lang.invoke.DirectMethodHandle$Holder.invokeSpecialIFC(java.lang.Object, java.lang.Object, java.lang.Object, java.lang.Object, java.lang.Object)'> (0x0000000705c0d0b0) 
thrown [s\open\src\hotspot\share\interpreter\linkResolver.cpp, line 804]
Event: 1.438 Thread 0x000002036167b3a0 Exception <a 'java/lang/NoSuchMethodError'{0x0000000705624890}: 'long java.lang.invoke.DirectMethodHandle$Holder.invokeStatic(java.lang.Object, java.lang.Object)'> (0x0000000705624890) 
thrown [s\open\src\hotspot\share\interpreter\linkResolver.cpp, line 804]
Event: 1.442 Thread 0x000002036167b3a0 Exception <a 'java/lang/NoSuchMethodError'{0x0000000705697438}: 'void java.lang.invoke.DirectMethodHandle$Holder.invokeSpecial(java.lang.Object, java.lang.Object, java.lang.Object, java.lang.Object, java.lang.Object, java.lang.Object, java.lang.Object)'> (0x0000000705697438) 
thrown [s\open\src\hotspot\share\interpreter\linkResolver.cpp, line 804]
Event: 1.480 Thread 0x0000020339845e10 Exception <a 'java/lang/NoSuchMethodError'{0x000000070607d598}: 'java.lang.Object java.lang.invoke.DirectMethodHandle$Holder.invokeSpecialIFC(java.lang.Object, java.lang.Object, java.lang.Object)'> (0x000000070607d598) 
thrown [s\open\src\hotspot\share\interpreter\linkResolver.cpp, line 804]

VM Operations (20 events):
Event: 0.736 Executing non-safepoint VM operation: HandshakeAllThreads (Deoptimize)
Event: 0.736 Executing non-safepoint VM operation: HandshakeAllThreads (Deoptimize) done
Event: 0.774 Executing safepoint VM operation: CollectForMetadataAllocation (Metadata GC Threshold)
Event: 0.777 Executing safepoint VM operation: CollectForMetadataAllocation (Metadata GC Threshold) done
Event: 0.780 Executing safepoint VM operation: G1PauseRemark
Event: 0.784 Executing safepoint VM operation: G1PauseRemark done
Event: 0.785 Executing safepoint VM operation: G1PauseCleanup
Event: 0.785 Executing safepoint VM operation: G1PauseCleanup done
Event: 0.808 Executing non-safepoint VM operation: HandshakeAllThreads (Deoptimize)
Event: 0.808 Executing non-safepoint VM operation: HandshakeAllThreads (Deoptimize) done
Event: 0.808 Executing non-safepoint VM operation: HandshakeAllThreads (Deoptimize)
Event: 0.808 Executing non-safepoint VM operation: HandshakeAllThreads (Deoptimize) done
Event: 0.885 Executing non-safepoint VM operation: HandshakeAllThreads (Deoptimize)
Event: 0.885 Executing non-safepoint VM operation: HandshakeAllThreads (Deoptimize) done
Event: 1.422 Executing non-safepoint VM operation: HandshakeAllThreads (Deoptimize)
Event: 1.422 Executing non-safepoint VM operation: HandshakeAllThreads (Deoptimize) done
Event: 1.424 Executing non-safepoint VM operation: HandshakeAllThreads (Deoptimize)
Event: 1.424 Executing non-safepoint VM operation: HandshakeAllThreads (Deoptimize) done
Event: 1.436 Executing non-safepoint VM operation: HandshakeAllThreads (Deoptimize)
Event: 1.436 Executing non-safepoint VM operation: HandshakeAllThreads (Deoptimize) done

Memory protections (0 events):
No events

Nmethod flushes (0 events):
No events

Events (20 events):
Event: 0.936 Thread 0x0000020360f6d5e0 Thread added: 0x000002036167b3a0
Event: 0.937 Thread 0x0000020360f6d5e0 Thread added: 0x0000020361681930
Event: 0.937 Thread 0x0000020360f6d5e0 Thread added: 0x00000203616828d0
Event: 1.423 Thread 0x000002035fe43220 Thread exited: 0x000002035fe43220
Event: 1.425 Thread 0x000002035a6fc280 Thread exited: 0x000002035a6fc280
Event: 1.501 Thread 0x00000203615d7e60 Thread added: 0x0000020361f45f60
Event: 1.501 Thread 0x0000020339845e10 Thread added: 0x0000020361f447f0
Event: 1.503 Thread 0x00000203615d7e60 Thread added: 0x0000020361f46f00
Event: 1.503 Thread 0x00000203615d7e60 Thread added: 0x0000020361f44020
Event: 1.503 Thread 0x00000203615d7e60 Thread added: 0x0000020361f44fc0
Event: 3.464 Thread 0x000002035a6e72f0 Thread exited: 0x000002035a6e72f0
Event: 3.464 Thread 0x000002035a6e4ae0 Thread exited: 0x000002035a6e4ae0
Event: 4.833 Thread 0x000002035a372ab0 Thread added: 0x000002035a8b43b0
Event: 6.466 Thread 0x000002035a8b43b0 Thread exited: 0x000002035a8b43b0
Event: 7.910 Thread 0x000002035a372ab0 Thread added: 0x000002035a8b43b0
Event: 7.911 Thread 0x000002035a372ab0 Thread added: 0x000002035fe80420
Event: 8.247 Thread 0x0000020360f6d5e0 Thread added: 0x0000020361f47ea0
Event: 10.886 Thread 0x000002035fc10b80 Thread exited: 0x000002035fc10b80
Event: 10.924 Thread 0x000002035fe80420 Thread exited: 0x000002035fe80420
Event: 10.925 Thread 0x000002035a8b43b0 Thread exited: 0x000002035a8b43b0


Dynamic libraries:
0x00007ff760570000 - 0x00007ff76057e000 	C:\Users\omark\.jdks\openjdk-26\bin\java.exe
0x00007ffbed1e0000 - 0x00007ffbed447000 	C:\WINDOWS\SYSTEM32\ntdll.dll
0x00007ffbebdf0000 - 0x00007ffbebeb9000 	C:\WINDOWS\System32\KERNEL32.DLL
0x00007ffbea040000 - 0x00007ffbea434000 	C:\WINDOWS\System32\KERNELBASE.dll
0x00007ffbeae20000 - 0x00007ffbeaf6b000 	C:\WINDOWS\System32\ucrtbase.dll
0x00007ffbc8be0000 - 0x00007ffbc8bf7000 	C:\Users\omark\.jdks\openjdk-26\bin\jli.dll
0x00007ffbc73d0000 - 0x00007ffbc73ee000 	C:\Users\omark\.jdks\openjdk-26\bin\VCRUNTIME140.dll
0x00007ffbec770000 - 0x00007ffbec935000 	C:\WINDOWS\System32\USER32.dll
0x00007ffbc9630000 - 0x00007ffbc98c3000 	C:\WINDOWS\WinSxS\amd64_microsoft.windows.common-controls_6595b64144ccf1df_6.0.26100.8115_none_3e075c82e3354f9c\COMCTL32.dll
0x00007ffbe9ab0000 - 0x00007ffbe9ad7000 	C:\WINDOWS\System32\win32u.dll
0x00007ffbeb270000 - 0x00007ffbeb319000 	C:\WINDOWS\System32\msvcrt.dll
0x00007ffbec940000 - 0x00007ffbec96b000 	C:\WINDOWS\System32\GDI32.dll
0x00007ffbe9e60000 - 0x00007ffbe9f8b000 	C:\WINDOWS\System32\gdi32full.dll
0x00007ffbe9cf0000 - 0x00007ffbe9d93000 	C:\WINDOWS\System32\msvcp_win.dll
0x00007ffbebdb0000 - 0x00007ffbebde2000 	C:\WINDOWS\System32\IMM32.DLL
0x00007ffbc7f60000 - 0x00007ffbc7f6c000 	C:\Users\omark\.jdks\openjdk-26\bin\vcruntime140_1.dll
0x00007ffbc2170000 - 0x00007ffbc21fd000 	C:\Users\omark\.jdks\openjdk-26\bin\msvcp140.dll
0x00007ffb39240000 - 0x00007ffb3a10e000 	C:\Users\omark\.jdks\openjdk-26\bin\server\jvm.dll
0x00007ffbec410000 - 0x00007ffbec4c6000 	C:\WINDOWS\System32\ADVAPI32.dll
0x00007ffbed0f0000 - 0x00007ffbed197000 	C:\WINDOWS\System32\sechost.dll
0x00007ffbec970000 - 0x00007ffbeca88000 	C:\WINDOWS\System32\RPCRT4.dll
0x00007ffbec380000 - 0x00007ffbec400000 	C:\WINDOWS\System32\WS2_32.dll
0x00007ffbe9910000 - 0x00007ffbe996e000 	C:\WINDOWS\SYSTEM32\POWRPROF.dll
0x00007ffbe3690000 - 0x00007ffbe369b000 	C:\WINDOWS\SYSTEM32\VERSION.dll
0x00007ffbdcc20000 - 0x00007ffbdcc56000 	C:\WINDOWS\SYSTEM32\WINMM.dll
0x00007ffbe98f0000 - 0x00007ffbe9904000 	C:\WINDOWS\SYSTEM32\UMPDC.dll
0x00007ffbe8800000 - 0x00007ffbe881b000 	C:\WINDOWS\SYSTEM32\kernel.appcore.dll
0x00007ffbc7c70000 - 0x00007ffbc7c7a000 	C:\Users\omark\.jdks\openjdk-26\bin\jimage.dll
0x00007ffbe78f0000 - 0x00007ffbe7b32000 	C:\WINDOWS\SYSTEM32\DBGHELP.DLL
0x00007ffbeca90000 - 0x00007ffbece12000 	C:\WINDOWS\System32\combase.dll
0x00007ffbec590000 - 0x00007ffbec668000 	C:\WINDOWS\System32\OLEAUT32.dll
0x00007ffbc5d00000 - 0x00007ffbc5d3b000 	C:\WINDOWS\SYSTEM32\dbgcore.DLL
0x00007ffbe9f90000 - 0x00007ffbea035000 	C:\WINDOWS\System32\bcryptPrimitives.dll
0x00007ffbc7af0000 - 0x00007ffbc7b00000 	C:\Users\omark\.jdks\openjdk-26\bin\instrument.dll
0x00007ffbc6800000 - 0x00007ffbc681f000 	C:\Users\omark\.jdks\openjdk-26\bin\java.dll
0x00007ffbebba0000 - 0x00007ffbebd37000 	C:\WINDOWS\System32\ole32.dll
0x00007ffbeb430000 - 0x00007ffbebb97000 	C:\WINDOWS\System32\SHELL32.dll
0x00007ffbeacb0000 - 0x00007ffbeae1a000 	C:\WINDOWS\System32\wintypes.dll
0x00007ffbc38e0000 - 0x00007ffbc38f7000 	C:\Users\omark\.jdks\openjdk-26\bin\zip.dll
0x00007ffbea440000 - 0x00007ffbeaca8000 	C:\WINDOWS\System32\windows.storage.dll
0x00007ffbeb160000 - 0x00007ffbeb258000 	C:\WINDOWS\System32\SHCORE.dll
0x00007ffbebd40000 - 0x00007ffbebda6000 	C:\WINDOWS\System32\shlwapi.dll
0x00007ffbe99d0000 - 0x00007ffbe99f9000 	C:\WINDOWS\SYSTEM32\profapi.dll
0x00007ffbc5350000 - 0x00007ffbc5362000 	C:\Users\omark\.jdks\openjdk-26\bin\net.dll
0x00007ffbe8d50000 - 0x00007ffbe8dbc000 	C:\WINDOWS\system32\mswsock.dll
0x00007ffbc3900000 - 0x00007ffbc3916000 	C:\Users\omark\.jdks\openjdk-26\bin\nio.dll
0x00007ffbc67f0000 - 0x00007ffbc6800000 	C:\Users\omark\.jdks\openjdk-26\bin\verify.dll
0x00007ffbc5230000 - 0x00007ffbc5239000 	C:\Users\omark\.jdks\openjdk-26\bin\extnet.dll
0x00007ffbe8270000 - 0x00007ffbe83a2000 	C:\WINDOWS\SYSTEM32\DNSAPI.dll
0x00007ffbe81e0000 - 0x00007ffbe8212000 	C:\WINDOWS\SYSTEM32\IPHLPAPI.DLL
0x00007ffbed080000 - 0x00007ffbed08a000 	C:\WINDOWS\System32\NSI.dll
0x00007ffbe3770000 - 0x00007ffbe377b000 	C:\Windows\System32\rasadhlp.dll
0x00007ffbdd8d0000 - 0x00007ffbdd956000 	C:\WINDOWS\System32\fwpuclnt.dll
0x00007ffbc7ae0000 - 0x00007ffbc7aea000 	C:\Users\omark\.jdks\openjdk-26\bin\management.dll
0x00007ffbc6650000 - 0x00007ffbc665c000 	C:\Users\omark\.jdks\openjdk-26\bin\management_ext.dll
0x00007ffbeb260000 - 0x00007ffbeb268000 	C:\WINDOWS\System32\PSAPI.DLL
0x00007ffbe9150000 - 0x00007ffbe916b000 	C:\WINDOWS\SYSTEM32\CRYPTSP.dll
0x00007ffbe8760000 - 0x00007ffbe8799000 	C:\WINDOWS\system32\rsaenh.dll
0x00007ffbe8e00000 - 0x00007ffbe8e33000 	C:\WINDOWS\SYSTEM32\USERENV.dll
0x00007ffbe99a0000 - 0x00007ffbe99ca000 	C:\WINDOWS\SYSTEM32\bcrypt.dll
0x00007ffbe8fb0000 - 0x00007ffbe8fbc000 	C:\WINDOWS\SYSTEM32\CRYPTBASE.dll
0x00007ffbcc3c0000 - 0x00007ffbcc3d8000 	C:\WINDOWS\system32\napinsp.dll
0x00007ffbccb10000 - 0x00007ffbccb23000 	C:\WINDOWS\System32\winrnr.dll
0x00007ffbccac0000 - 0x00007ffbccae2000 	C:\WINDOWS\system32\nlansp_c.dll
0x00007ffbcca60000 - 0x00007ffbcca76000 	C:\WINDOWS\system32\wshbth.dll
0x00007ffbcc600000 - 0x00007ffbcc656000 	C:\WINDOWS\SYSTEM32\pdh.dll
0x00007ffbe4110000 - 0x00007ffbe4122000 	C:\WINDOWS\System32\perfproc.dll
0x00007ffbd7410000 - 0x00007ffbd7421000 	C:\WINDOWS\System32\perfos.dll
0x00007ffbe4f50000 - 0x00007ffbe4f62000 	C:\WINDOWS\SYSTEM32\pfclient.dll
0x00007ffbd7440000 - 0x00007ffbd744e000 	C:\Users\omark\.jdks\openjdk-26\bin\sunmscapi.dll
0x00007ffbe9ae0000 - 0x00007ffbe9c57000 	C:\WINDOWS\System32\CRYPT32.dll
0x00007ffbe92b0000 - 0x00007ffbe92e0000 	C:\WINDOWS\SYSTEM32\ncrypt.dll
0x00007ffbe9260000 - 0x00007ffbe929f000 	C:\WINDOWS\SYSTEM32\NTASN1.dll
0x00007ffbbac70000 - 0x00007ffbbac78000 	C:\WINDOWS\system32\wshunix.dll

JVMTI agents:
C:\Users\omark\AppData\Local\JetBrains\IntelliJIdea2026.1\captureAgent\debugger-agent.jar path:C:\Users\omark\.jdks\openjdk-26\bin\instrument.dll, loaded, initialized, instrumentlib options:file:///C:/Users/omark/AppData/Local/Temp/capture1554052557624514420.props
C:\Program Files\JetBrains\IntelliJ IDEA 2026.1\lib\idea_rt.jar path:C:\Users\omark\.jdks\openjdk-26\bin\instrument.dll, loaded, initialized, instrumentlib options:60586

dbghelp: loaded successfully - version: 4.0.5 - missing functions: none
symbol engine: initialized successfully - sym options: 0x614 - pdb path: .;C:\Users\omark\.jdks\openjdk-26\bin;C:\WINDOWS\SYSTEM32;C:\WINDOWS\WinSxS\amd64_microsoft.windows.common-controls_6595b64144ccf1df_6.0.26100.8115_none_3e075c82e3354f9c;C:\Users\omark\.jdks\openjdk-26\bin\server

VM Arguments:
jvm_args: -javaagent:C:\Users\omark\AppData\Local\JetBrains\IntelliJIdea2026.1\captureAgent\debugger-agent.jar=file:///C:/Users/omark/AppData/Local/Temp/capture1554052557624514420.props -ea -Didea.test.cyclic.buffer.size=1048576 -javaagent:C:\Program Files\JetBrains\IntelliJ IDEA 2026.1\lib\idea_rt.jar=60586 -Dkotlinx.coroutines.debug.enable.creation.stack.trace=false -Ddebugger.agent.enable.coroutines=true -Dkotlinx.coroutines.debug.enable.flows.stack.trace=true -Dkotlinx.coroutines.debug.enable.mutable.state.flows.stack.trace=true -Ddebugger.async.stack.trace.for.all.threads=true -Dfile.encoding=UTF-8 -Dsun.stdout.encoding=UTF-8 -Dsun.stderr.encoding=UTF-8 
java_command: com.intellij.rt.testng.RemoteTestNGStarter -usedefaultlisteners false -socket60585 @w@C:\Users\omark\AppData\Local\Temp\idea_working_dirs_testng.tmp -temp C:\Users\omark\AppData\Local\Temp\idea_testng.tmp
java_class_path (initial): C:\Program Files\JetBrains\IntelliJ IDEA 2026.1\lib\idea_rt.jar;C:\Program Files\JetBrains\IntelliJ IDEA 2026.1\plugins\testng\lib\testng-rt.jar;C:\Users\omark\IdeaProjects\AutomationEx\target\test-classes;C:\Users\omark\IdeaProjects\AutomationEx\target\classes;C:\Users\omark\.m2\repository\org\seleniumhq\selenium\selenium-java\4.43.0\selenium-java-4.43.0.jar;C:\Users\omark\.m2\repository\org\seleniumhq\selenium\selenium-api\4.43.0\selenium-api-4.43.0.jar;C:\Users\omark\.m2\repository\org\jspecify\jspecify\1.0.0\jspecify-1.0.0.jar;C:\Users\omark\.m2\repository\org\seleniumhq\selenium\selenium-chrome-driver\4.43.0\selenium-chrome-driver-4.43.0.jar;C:\Users\omark\.m2\repository\com\google\auto\service\auto-service-annotations\1.1.1\auto-service-annotations-1.1.1.jar;C:\Users\omark\.m2\repository\org\seleniumhq\selenium\selenium-chromium-driver\4.43.0\selenium-chromium-driver-4.43.0.jar;C:\Users\omark\.m2\repository\org\seleniumhq\selenium\selenium-json\4.43.0\selenium-json-4.43.0.jar;C:\Users\omark\.m2\repository\org\seleniumhq\selenium\selenium-manager\4.43.0\selenium-manager-4.43.0.jar;C:\Users\omark\.m2\repository\org\seleniumhq\selenium\selenium-devtools-v145\4.43.0\selenium-devtools-v145-4.43.0.jar;C:\Users\omark\.m2\repository\org\seleniumhq\selenium\selenium-devtools-v146\4.43.0\selenium-devtools-v146-4.43.0.jar;C:\Users\omark\.m2\repository\org\seleniumhq\selenium\selenium-devtools-v147\4.43.0\selenium-devtools-v147-4.43.0.jar;C:\Users\omark\.m2\repository\org\seleniumhq\selenium\selenium-edge-driver\4.43.0\selenium-edge-driver-4.43.0.jar;C:\Users\omark\.m2\repository\org\seleniumhq\selenium\selenium-firefox-driver\4.43.0\selenium-firefox-driver-4.43.0.jar;C:\Users\omark\.m2\repository\org\seleniumhq\selenium\selenium-http\4.43.0\selenium-http-4.43.0.jar;C:\Users\omark\.m2\repository\org\seleniumhq\selenium\selenium-ie-driver\4.43.0\selenium-ie-driver-4.43.0.jar;C:\Users\omark\.m2\repository\org\seleniumhq\selenium\selenium-remote-driver\4.43.0\selenium-remote-driver-4.43.0.jar;C:\Users\omark\.m2\repository\com\google\guava\guava\33.5.0-jre\guava-33.5.0-jre.jar;C:\Users\omark\.m2\repository\com\google\guava\failureaccess\1.0.3\failureaccess-1.0.3.jar;C:\Users\omark\.m2\repository\com\google\guava\listenablefuture\9999.0-empty-to-avoid-conflict-with-guava\listenablefuture-9999.0-empty-to-avoid-conflict-with-guava.jar;C:\Users\omark\.m2\repository\com\google\errorprone\error_prone_annotations\2.41.0\error_prone_annotations-2.41.0.jar;C:\Users\omark\.m2\repository\com\google\j2objc\j2objc-annotations\3.1\j2objc-annotations-3.1.jar;C:\Users\omark\.m2\repository\io\opentelemetry\opentelemetry-api\1.60.1\opentelemetry-api-1.60.1.jar;C:\Users\omark\.m2\repository\io\opentelemetry\opentelemetry-context\1.60.1\opentelemetry-context-1.60.1.jar;C:\Users\omark\.m2\repository\io\opentelemetry\opentelemetry-common\1.60.1\opentelemetry-common-1.60.1.jar;C:\Users\omark\.m2\repository\io\opentelemetry\opentelemetry-exporter-logging\1.60.1\opentelemetry-exporter-logging-1.60.1.jar;C:\Users\omark\.m2\repository\io\opentelemetry\opentelemetry-sdk-common\1.60.1\opentelemetry-sdk-common-1.60.1.jar;C:\Users\omark\.m2\repository\io\opentelemetry\opentelemetry-sdk-extension-autoconfigure-spi\1.60.1\opentelemetry-sdk-extension-autoconfigure-spi-1.60.1.jar;C:\Users\omark\.m2\repository\io\opentelemetry\opentelemetry-sdk-extension-autoconfigure\1.60.1\opentelemetry-sdk-extension-autoconfigure-1.60.1.jar;C:\Users\omark\.m2\repository\io\opentelemetry\opentelemetry-sdk-trace\1.60.1\opentelemetry-sdk-trace-1.60.1.jar;C:\Users\omark\.m2\repository\io\opentelemetry\opentelemetry-sdk\1.60.1\opentelemetry-sdk-1.60.1.jar;C:\Users\omark\.m2\repository\io\opentelemetry\opentelemetry-sdk-metrics\1.60.1\opentelemetry-sdk-metrics-1.60.1.jar;C:\Users\omark\.m2\repository\io\opentelemetry\opentelemetry-sdk-logs\1.60.1\opentelemetry-sdk-logs-1.60.1.jar;C:\Users\omark\.m2\repository\net\bytebuddy\byte-buddy\1.18.8-jdk5\byte-buddy-1.18.8-jdk5.jar;C:\Users\omark\.m2\repository\org\seleniumhq\selenium\selenium-os\4.43.0\selenium-os-4.43.0.jar;C:\Users\omark\.m2\repository\org\seleniumhq\selenium\selenium-safari-driver\4.43.0\selenium-safari-driver-4.43.0.jar;C:\Users\omark\.m2\repository\org\seleniumhq\selenium\selenium-support\4.43.0\selenium-support-4.43.0.jar;C:\Users\omark\.m2\repository\org\testng\testng\7.12.0\testng-7.12.0.jar;C:\Users\omark\.m2\repository\org\slf4j\slf4j-api\2.0.16\slf4j-api-2.0.16.jar;C:\Users\omark\.m2\repository\org\jcommander\jcommander\1.83\jcommander-1.83.jar;C:\Users\omark\.m2\repository\org\webjars\jquery\3.7.1\jquery-3.7.1.jar
Launcher Type: SUN_STANDARD

[Global flags]
     bool AOTAdapterCaching                        = false                                  {diagnostic} {ergonomic}
     bool AOTInvokeDynamicLinking                  = false                                  {diagnostic} {ergonomic}
     bool AOTRecordTraining                        = false                                  {diagnostic} {ergonomic}
     bool AOTReplayTraining                        = false                                  {diagnostic} {ergonomic}
     bool AOTStubCaching                           = false                                  {diagnostic} {ergonomic}
     intx CICompilerCount                          = 12                                        {product} {ergonomic}
     uint ConcGCThreads                            = 3                                         {product} {ergonomic}
     uint G1ConcRefinementThreads                  = 13                                        {product} {ergonomic}
     uint G1EagerReclaimRemSetThreshold            = 16                                   {experimental} {ergonomic}
   size_t G1HeapRegionSize                         = 2097152                                   {product} {ergonomic}
     uint G1RemSetArrayOfCardsEntries              = 16                                   {experimental} {ergonomic}
     uint G1RemSetHowlMaxNumBuckets                = 8                                    {experimental} {ergonomic}
     uint G1RemSetHowlNumBuckets                   = 8                                    {experimental} {ergonomic}
   size_t InitialHeapSize                          = 8388608                                   {product} {ergonomic}
     bool IntelJccErratumMitigation                = false                             {ARCH diagnostic} {ergonomic}
   size_t MarkStackSize                            = 4194304                                   {product} {ergonomic}
   size_t MarkStackSizeMax                         = 536870912                                 {product} {ergonomic}
   size_t MaxHeapSize                              = 4276092928                                {product} {ergonomic}
   size_t MaxNewSize                               = 2564816896                                {product} {ergonomic}
 uint64_t MaxRAM                                   = 17099464704                               {product} {ergonomic}
   size_t MinHeapDeltaBytes                        = 2097152                                   {product} {ergonomic}
   size_t MinHeapSize                              = 8388608                                   {product} {ergonomic}
   size_t NonNMethodCodeHeapSize                   = 7602176                                {pd product} {ergonomic}
   size_t NonProfiledCodeHeapSize                  = 122093568                              {pd product} {ergonomic}
   size_t ProfiledCodeHeapSize                     = 121962496                              {pd product} {ergonomic}
   size_t ReservedCodeCacheSize                    = 251658240                              {pd product} {ergonomic}
     bool SegmentedCodeCache                       = true                                      {product} {ergonomic}
   size_t SoftMaxHeapSize                          = 4276092928                             {manageable} {ergonomic}
     bool UseCompressedOops                        = true                           {product lp64_product} {ergonomic}
     bool UseCondCardMark                          = true                                      {product} {ergonomic}
     bool UseFastUnorderedTimeStamps               = true                                 {experimental} {ergonomic}
     bool UseG1GC                                  = true                                      {product} {ergonomic}
     bool UseLargePagesIndividualAllocation        = false                                  {pd product} {ergonomic}
      int X86ICacheSync                            = 3                                 {ARCH diagnostic} {ergonomic}

Logging:
Log output configuration:
 #0: stdout all=warning uptime,level,tags foldmultilines=false
 #1: stderr all=off uptime,level,tags foldmultilines=false

Release file:
IMPLEMENTOR="Oracle Corporation" 
JAVA_RUNTIME_VERSION="26+35-2893" 
JAVA_VERSION="26" 
JAVA_VERSION_DATE="2026-03-17" 
LIBC="default" 
MODULES="java.base java.compiler java.datatransfer java.xml java.prefs java.desktop java.instrument java.logging java.management java.security.sasl java.naming java.rmi java.management.rmi java.net.http java.scripting java.security.jgss java.transaction.xa java.sql java.sql.rowset java.xml.crypto java.se java.smartcardio jdk.accessibility jdk.internal.jvmstat jdk.attach jdk.charsets jdk.internal.opt jdk.zipfs jdk.compiler jdk.crypto.cryptoki jdk.crypto.ec jdk.crypto.mscapi jdk.dynalink jdk.internal.ed jdk.editpad jdk.internal.vm.ci jdk.graal.compiler jdk.graal.compiler.management jdk.hotspot.agent jdk.httpserver jdk.incubator.vector jdk.internal.le jdk.internal.md jdk.jartool jdk.javadoc jdk.jcmd jdk.management jdk.management.agent jdk.jconsole jdk.jdeps jdk.jdwp.agent jdk.jdi jdk.jfr jdk.jlink jdk.jpackage jdk.jshell jdk.jstatd jdk.localedata jdk.management.jfr jdk.naming.dns jdk.naming.rmi jdk.net jdk.nio.mapmode jdk.sctp jdk.security.auth jdk.security.jgss jdk.unsupported jdk.unsupported.desktop jdk.xml.dom" 
OS_ARCH="x86_64" 
OS_NAME="Windows" 
SOURCE=".:git:4408cd2a07a1" 

Environment Variables:
PATH=C:\WINDOWS\system32;C:\WINDOWS;C:\WINDOWS\System32\Wbem;C:\WINDOWS\System32\WindowsPowerShell\v1.0\;C:\WINDOWS\System32\OpenSSH\;C:\Program Files (x86)\NVIDIA Corporation\PhysX\Common;C:\Program Files\NVIDIA Corporation\NVIDIA app\NvDLISR;C:\Program Files\dotnet\;C:\Users\omark\AppData\Local\Microsoft\WindowsApps;C:\Users\omark\AppData\Local\Programs\Microsoft VS Code\bin;
USERNAME=omark
OS=Windows_NT
PROCESSOR_IDENTIFIER=AMD64 Family 25 Model 33 Stepping 2, AuthenticAMD
TMP=C:\Users\omark\AppData\Local\Temp
TEMP=C:\Users\omark\AppData\Local\Temp




Compilation memory statistics disabled.

Periodic native trim disabled

---------------  S Y S T E M  ---------------

OS:
 Windows 11 , 64 bit Build 26100 (10.0.26100.8246)
OS uptime: 3 days 17:11 hours
Hyper-V role detected

CPU: total 16 (initial active 16) (8 cores per cpu, 2 threads per core) family 25 model 33 stepping 2 microcode 0xa20120e, cx8, cmov, fxsr, ht, mmx, 3dnowpref, sse, sse2, sse3, ssse3, sse4a, sse4.1, sse4.2, popcnt, lzcnt, tsc, tscinvbit, avx, avx2, aes, erms, clmul, bmi1, bmi2, adx, sha, fma, vzeroupper, clflush, clflushopt, clwb, hv, rdtscp, rdpid, fsrm, f16c, cet_ss
Processor Information for the first 16 processors :
  Max Mhz: 3001, Current Mhz: 3001, Mhz Limit: 3001

Memory: 4k page, system-wide physical 16307M (2097M free)
TotalPageFile size 28595M (AvailPageFile size 23M)
current process WorkingSet (physical memory assigned to process): 181M, peak: 198M
current process commit charge ("private bytes"): 255M, peak: 314M

vm_info: OpenJDK 64-Bit Server VM (26+35-2893) for windows-amd64 JRE (26+35-2893), built on 2026-02-12T17:04:02Z with MS VC++ 17.13 (VS2022)

END.
